<?xml version="1.0" encoding="UTF-8"?>
<testsuite xmlns:xsi="http://www.w3.org/2001/XMLSchema-instance" xsi:noNamespaceSchemaLocation="https://maven.apache.org/surefire/maven-surefire-plugin/xsd/surefire-test-report.xsd" version="3.0.1" name="es.uva.sockets.AppTest" time="0.288" tests="8" errors="0" skipped="0" failures="0">
  <properties>
[...]
</properties>
  <testcase name="shouldDig" classname="es.uva.sockets.AppTest" time="0.092">
    <system-out><![CDATA[&amp#27;[H&amp#27;[2J----------
|  |  |  |
----------
| @|  |  |
----------
|  |  |  |
----------
&amp#27;[H&amp#27;[2J----------
|  |  |  |
----------
|  | @|  |
----------
|  |  |  |
----------
&amp#27;[H&amp#27;[2J----------
|  |  | A|
----------
|  | @|  |
----------
|  |  |  |
----------
&amp#27;[H&amp#27;[2J----------
|  |  | A|
----------
|  | @|  |
----------
|  |  |  |
----------
&amp#27;[H&amp#27;[2J----------
|  |  | A|
----------
|  | @|  |
----------
|  |  |  |
----------
&amp#27;[H&amp#27;[2J----------
|  |  | A|
----------
|  | @|  |
----------
|  |  |  |
----------
]]></system-out>
  </testcase>
  <testcase name="shouldEnd" classname="es.uva.sockets.AppTest" time="0.013">
    <system-out><![CDATA[&amp#27;[H&amp#27;[2J----------
| @|  |  |
----------
|  |  |  |
----------
|  |  |  |
----------
&amp#27;[H&amp#27;[2J----------
|  |  |  |
----------
|  | @|  |
----------
|  |  |  |
----------
&amp#27;[H&amp#27;[2J----------
| A|  |  |
----------
|  | @|  |
----------
|  |  |  |
----------
&amp#27;[H&amp#27;[2J----------
| A|  |  |
----------
|  | @|  |
----------
|  |  |  |
----------
&amp#27;[H&amp#27;[2J----------
| A|  |  |
----------
|  | @|  |
----------
|  |  |  |
----------
&amp#27;[H&amp#27;[2J----------
| A|  |  |
----------
|  | @|  |
----------
|  |  |  |
----------
]]></system-out>
  </testcase>
  <testcase name="shouldJoin" classname="es.uva.sockets.AppTest" time="0.007">
    <system-out><![CDATA[&amp#27;[H&amp#27;[2J----------
|  |  |  |
----------
|  |  | @|
----------
|  |  |  |
----------
]]></system-out>
  </testcase>
  <testcase name="shouldMove(String, int, int)[1]" classname="es.uva.sockets.AppTest" time="0.047">
    <system-out><![CDATA[&amp#27;[H&amp#27;[2J----------
|  |  |  |
----------
|  |  |  |
----------
|  | @|  |
----------
&amp#27;[H&amp#27;[2J----------
|  |  |  |
----------
|  | @|  |
----------
|  |  |  |
----------
&amp#27;[H&amp#27;[2J----------
|  |  |  |
----------
|  | @|  |
----------
| A|  |  |
----------
&amp#27;[H&amp#27;[2J----------
|  |  |  |
----------
|  | @|  |
----------
| A|  |  |
----------
EMPIEZA A MOVERSE
&amp#27;[H&amp#27;[2J----------
|  | @|  |
----------
|  |  |  |
----------
| A|  |  |
----------
&amp#27;[H&amp#27;[2J----------
|  | @|  |
----------
|  |  |  |
----------
| A|  |  |
----------
]]></system-out>
  </testcase>
  <testcase name="shouldMove(String, int, int)[2]" classname="es.uva.sockets.AppTest" time="0.008">
    <system-out><![CDATA[&amp#27;[H&amp#27;[2J----------
| @|  |  |
----------
|  |  |  |
----------
|  |  |  |
----------
&amp#27;[H&amp#27;[2J----------
|  |  |  |
----------
|  | @|  |
----------
|  |  |  |
----------
&amp#27;[H&amp#27;[2J----------
|  |  |  |
----------
|  | @|  |
----------
|  |  | A|
----------
&amp#27;[H&amp#27;[2J----------
|  |  |  |
----------
|  | @|  |
----------
|  |  | A|
----------
EMPIEZA A MOVERSE
&amp#27;[H&amp#27;[2J----------
|  |  |  |
----------
|  |  |  |
----------
|  | @| A|
----------
&amp#27;[H&amp#27;[2J----------
|  |  |  |
----------
|  |  |  |
----------
|  | @| A|
----------
]]></system-out>
  </testcase>
  <testcase name="shouldMove(String, int, int)[3]" classname="es.uva.sockets.AppTest" time="0.008">
    <system-out><![CDATA[&amp#27;[H&amp#27;[2J----------
|  |  |  |
----------
|  |  |  |
----------
|  |  | @|
----------
&amp#27;[H&amp#27;[2J----------
|  |  |  |
----------
|  | @|  |
----------
|  |  |  |
----------
&amp#27;[H&amp#27;[2J----------
|  |  |  |
----------
|  | A|  |
----------
|  |  |  |
----------
&amp#27;[H&amp#27;[2J----------
|  |  |  |
----------
|  | A|  |
----------
|  |  |  |
----------
EMPIEZA A MOVERSE
&amp#27;[H&amp#27;[2J----------
|  |  |  |
----------
| @| A|  |
----------
|  |  |  |
----------
&amp#27;[H&amp#27;[2J----------
|  |  |  |
----------
| @| A|  |
----------
|  |  |  |
----------
]]></system-out>
  </testcase>
  <testcase name="shouldMove(String, int, int)[4]" classname="es.uva.sockets.AppTest" time="0.006">
    <system-out><![CDATA[&amp#27;[H&amp#27;[2J----------
|  |  | @|
----------
|  |  |  |
----------
|  |  |  |
----------
&amp#27;[H&amp#27;[2J----------
|  |  |  |
----------
|  | @|  |
----------
|  |  |  |
----------
&amp#27;[H&amp#27;[2J----------
|  |  |  |
----------
|  | @|  |
----------
|  |  | A|
----------
&amp#27;[H&amp#27;[2J----------
|  |  |  |
----------
|  | @|  |
----------
|  |  | A|
----------
EMPIEZA A MOVERSE
&amp#27;[H&amp#27;[2J----------
|  |  |  |
----------
|  |  | @|
----------
|  |  | A|
----------
&amp#27;[H&amp#27;[2J----------
|  |  |  |
----------
|  |  | @|
----------
|  |  | A|
----------
]]></system-out>
  </testcase>
  <testcase name="shouldBroadcastJoin" classname="es.uva.sockets.AppTest" time="0.007">
    <system-out><![CDATA[&amp#27;[H&amp#27;[2J----------
|  |  |  |
----------
|  | @|  |
----------
|  |  |  |
----------
&amp#27;[H&amp#27;[2J----------
|  |  |  |
----------
|  | A|  |
----------
|  |  |  |
----------
&amp#27;[H&amp#27;[2J----------
|  |  |  |
----------
|  | @|  |
----------
|  |  |  |
----------
&amp#27;[H&amp#27;[2J----------
|  |  |  |
----------
|  | A|  |
----------
|  |  |  |
----------
]]></system-out>
  </testcase>
</testsuite>